{"level":"INFO","message":"[9:12:55.046 PM]: Creating new connection object"}
{"level":"INFO","message":"[9:12:55.072 PM]: Creating Connection[id: 33814ea8-f25c-4aef-8468-f6ba56ece2f4] with host: yndsyio-savantauk.snowflakecomputing.com, account: yndsyio-savantauk, accessUrl: https://yndsyio-savantauk.snowflakecomputing.com, user: ADAM.GILL@SAVANTA.COM, password is provided, role: ACCOUNTADMIN, database: AMG_TEST, schema: PUBLIC, warehouse: WAREHOUSE_XSMALL, region: undefined, authenticator: SNOWFLAKE, ocsp mode: FAIL_OPEN, os: win32, os version: 10.0.26100"}
{"level":"INFO","message":"[9:12:55.073 PM]: Connection[id: 33814ea8-f25c-4aef-8468-f6ba56ece2f4] additional details: passcode in password is provided, passcode is not provided, private key is not provided, application: undefined, client name: snowflake-sdk, client version: 1.15.0, retry timeout: 300, private key path: undefined, private key pass is not provided, client store temporary credential: false, browser response timeout: 120000"}
{"level":"INFO","message":"[9:12:55.074 PM]: Connection[id: 33814ea8-f25c-4aef-8468-f6ba56ece2f4] - connection object created successfully."}
{"level":"INFO","message":"[9:12:55.075 PM]: Connection[id: 33814ea8-f25c-4aef-8468-f6ba56ece2f4] - connecting. Associated Snowflake domain: GLOBAL"}
{"level":"INFO","message":"[9:12:55.076 PM]: Connection[id: 33814ea8-f25c-4aef-8468-f6ba56ece2f4] - authentication successful using: SNOWFLAKE"}
{"level":"INFO","message":"[9:12:55.077 PM]: Trying to initialize Easy Logging"}
{"level":"INFO","message":"[9:12:55.082 PM]: No client config detected."}
{"level":"INFO","message":"[9:12:55.083 PM]: No config file path found. Client config will not be used."}
{"level":"INFO","message":"[9:12:55.084 PM]: Easy Logging is disabled as no config has been found"}
{"level":"INFO","message":"[9:12:55.091 PM]: Connection[id: 33814ea8-f25c-4aef-8468-f6ba56ece2f4] - connected successfully after 16.382299999999987 milliseconds"}
{"level":"INFO","message":"[9:13:31.515 PM]: Creating new connection object"}
{"level":"INFO","message":"[9:13:31.546 PM]: Creating Connection[id: 494b8091-3fda-4759-8285-d0b45e4e5dd9] with host: yndsyio-savantauk.snowflakecomputing.com, account: yndsyio-savantauk, accessUrl: https://yndsyio-savantauk.snowflakecomputing.com, user: ADAM.GILL@SAVANTA.COM, password is provided, role: PUBLIC, database: AMG_TEST, schema: PUBLIC, warehouse: WAREHOUSE_XSMALL, region: undefined, authenticator: SNOWFLAKE, ocsp mode: FAIL_OPEN, os: win32, os version: 10.0.26100"}
{"level":"INFO","message":"[9:13:31.547 PM]: Connection[id: 494b8091-3fda-4759-8285-d0b45e4e5dd9] additional details: passcode in password is provided, passcode is not provided, private key is not provided, application: undefined, client name: snowflake-sdk, client version: 1.15.0, retry timeout: 300, private key path: undefined, private key pass is not provided, client store temporary credential: false, browser response timeout: 120000"}
{"level":"INFO","message":"[9:13:31.549 PM]: Connection[id: 494b8091-3fda-4759-8285-d0b45e4e5dd9] - connection object created successfully."}
{"level":"INFO","message":"[9:13:31.550 PM]: Connection[id: 494b8091-3fda-4759-8285-d0b45e4e5dd9] - connecting. Associated Snowflake domain: GLOBAL"}
{"level":"INFO","message":"[9:13:31.553 PM]: Connection[id: 494b8091-3fda-4759-8285-d0b45e4e5dd9] - authentication successful using: SNOWFLAKE"}
{"level":"INFO","message":"[9:13:31.554 PM]: Trying to initialize Easy Logging"}
{"level":"INFO","message":"[9:13:31.560 PM]: No client config detected."}
{"level":"INFO","message":"[9:13:31.560 PM]: No config file path found. Client config will not be used."}
{"level":"INFO","message":"[9:13:31.562 PM]: Easy Logging is disabled as no config has been found"}
{"level":"INFO","message":"[9:13:31.570 PM]: Connection[id: 494b8091-3fda-4759-8285-d0b45e4e5dd9] - connected successfully after 19.498800000000074 milliseconds"}
{"level":"INFO","message":"[9:14:12.967 PM]: Creating new connection object"}
{"level":"INFO","message":"[9:14:12.992 PM]: Creating Connection[id: 273a8a0d-1d6d-4fa7-a97b-81f410b83f6e] with host: yndsyio-savantauk.snowflakecomputing.com, account: yndsyio-savantauk, accessUrl: https://yndsyio-savantauk.snowflakecomputing.com, user: ADAM.GILL@SAVANTA.COM, password is provided, role: PUBLIC, database: AMG_TEST, schema: PUBLIC, warehouse: WAREHOUSE_XSMALL, region: undefined, authenticator: SNOWFLAKE, ocsp mode: FAIL_OPEN, os: win32, os version: 10.0.26100"}
{"level":"INFO","message":"[9:14:12.993 PM]: Connection[id: 273a8a0d-1d6d-4fa7-a97b-81f410b83f6e] additional details: passcode in password is provided, passcode is not provided, private key is not provided, application: undefined, client name: snowflake-sdk, client version: 1.15.0, retry timeout: 300, private key path: undefined, private key pass is not provided, client store temporary credential: false, browser response timeout: 120000"}
{"level":"INFO","message":"[9:14:12.994 PM]: Connection[id: 273a8a0d-1d6d-4fa7-a97b-81f410b83f6e] - connection object created successfully."}
{"level":"INFO","message":"[9:14:12.995 PM]: Connection[id: 273a8a0d-1d6d-4fa7-a97b-81f410b83f6e] - connecting. Associated Snowflake domain: GLOBAL"}
{"level":"INFO","message":"[9:14:12.996 PM]: Connection[id: 273a8a0d-1d6d-4fa7-a97b-81f410b83f6e] - authentication successful using: SNOWFLAKE"}
{"level":"INFO","message":"[9:14:12.997 PM]: Trying to initialize Easy Logging"}
{"level":"INFO","message":"[9:14:13.002 PM]: No client config detected."}
{"level":"INFO","message":"[9:14:13.002 PM]: No config file path found. Client config will not be used."}
{"level":"INFO","message":"[9:14:13.003 PM]: Easy Logging is disabled as no config has been found"}
{"level":"INFO","message":"[9:14:13.007 PM]: Connection[id: 273a8a0d-1d6d-4fa7-a97b-81f410b83f6e] - connected successfully after 11.920000000000073 milliseconds"}
{"level":"INFO","message":"[9:14:37.605 PM]: Creating new connection object"}
{"level":"INFO","message":"[9:14:37.631 PM]: Creating Connection[id: 21ce4046-499f-437c-b3f3-b88fb53a24fd] with host: yndsyio-savantauk.snowflakecomputing.com, account: yndsyio-savantauk, accessUrl: https://yndsyio-savantauk.snowflakecomputing.com, user: ADAM.GILL@SAVANTA.COM, password is provided, role: PUBLIC, database: AMG_TEST, schema: PUBLIC, warehouse: WAREHOUSE_XSMALL, region: undefined, authenticator: SNOWFLAKE, ocsp mode: FAIL_OPEN, os: win32, os version: 10.0.26100"}
{"level":"INFO","message":"[9:14:37.632 PM]: Connection[id: 21ce4046-499f-437c-b3f3-b88fb53a24fd] additional details: passcode in password is provided, passcode is not provided, private key is not provided, application: undefined, client name: snowflake-sdk, client version: 1.15.0, retry timeout: 300, private key path: undefined, private key pass is not provided, client store temporary credential: false, browser response timeout: 120000"}
{"level":"INFO","message":"[9:14:37.632 PM]: Connection[id: 21ce4046-499f-437c-b3f3-b88fb53a24fd] - connection object created successfully."}
{"level":"INFO","message":"[9:14:37.633 PM]: Connection[id: 21ce4046-499f-437c-b3f3-b88fb53a24fd] - connecting. Associated Snowflake domain: GLOBAL"}
{"level":"INFO","message":"[9:14:37.634 PM]: Connection[id: 21ce4046-499f-437c-b3f3-b88fb53a24fd] - authentication successful using: SNOWFLAKE"}
{"level":"INFO","message":"[9:14:37.636 PM]: Trying to initialize Easy Logging"}
{"level":"INFO","message":"[9:14:37.644 PM]: No client config detected."}
{"level":"INFO","message":"[9:14:37.645 PM]: No config file path found. Client config will not be used."}
{"level":"INFO","message":"[9:14:37.647 PM]: Easy Logging is disabled as no config has been found"}
{"level":"INFO","message":"[9:14:37.653 PM]: Connection[id: 21ce4046-499f-437c-b3f3-b88fb53a24fd] - connected successfully after 20.201099999999997 milliseconds"}
{"level":"INFO","message":"[9:15:16.600 PM]: Creating new connection object"}
{"level":"INFO","message":"[9:15:16.620 PM]: Creating Connection[id: 1cc051b2-d080-4091-a10c-82d0088e247a] with host: yndsyio-savantauk.snowflakecomputing.com, account: yndsyio-savantauk, accessUrl: https://yndsyio-savantauk.snowflakecomputing.com, user: ADAM.GILL@SAVANTA.COM, password is provided, role: PUBLIC, database: AMG_TEST, schema: PUBLIC, warehouse: WAREHOUSE_XSMALL, region: undefined, authenticator: SNOWFLAKE, ocsp mode: FAIL_OPEN, os: win32, os version: 10.0.26100"}
{"level":"INFO","message":"[9:15:16.620 PM]: Connection[id: 1cc051b2-d080-4091-a10c-82d0088e247a] additional details: passcode in password is provided, passcode is not provided, private key is not provided, application: undefined, client name: snowflake-sdk, client version: 1.15.0, retry timeout: 300, private key path: undefined, private key pass is not provided, client store temporary credential: false, browser response timeout: 120000"}
{"level":"INFO","message":"[9:15:16.621 PM]: Connection[id: 1cc051b2-d080-4091-a10c-82d0088e247a] - connection object created successfully."}
{"level":"INFO","message":"[9:15:16.621 PM]: Connection[id: 1cc051b2-d080-4091-a10c-82d0088e247a] - connecting. Associated Snowflake domain: GLOBAL"}
{"level":"INFO","message":"[9:15:16.622 PM]: Connection[id: 1cc051b2-d080-4091-a10c-82d0088e247a] - authentication successful using: SNOWFLAKE"}
{"level":"INFO","message":"[9:15:16.623 PM]: Trying to initialize Easy Logging"}
{"level":"INFO","message":"[9:15:16.626 PM]: No client config detected."}
{"level":"INFO","message":"[9:15:16.627 PM]: No config file path found. Client config will not be used."}
{"level":"INFO","message":"[9:15:16.627 PM]: Easy Logging is disabled as no config has been found"}
{"level":"INFO","message":"[9:15:16.631 PM]: Connection[id: 1cc051b2-d080-4091-a10c-82d0088e247a] - connected successfully after 9.511400000000094 milliseconds"}
{"level":"INFO","message":"[9:15:43.566 PM]: Creating new connection object"}
{"level":"INFO","message":"[9:15:43.589 PM]: Creating Connection[id: 07ce438e-d997-4b34-8e3e-a4dcb0f37c24] with host: yndsyio-savantauk.snowflakecomputing.com, account: yndsyio-savantauk, accessUrl: https://yndsyio-savantauk.snowflakecomputing.com, user: ADAM.GILL@SAVANTA.COM, password is provided, role: PUBLIC, database: SNOWFLAKE_LEARNING_DB, schema: PUBLIC, warehouse: WAREHOUSE_XSMALL, region: undefined, authenticator: SNOWFLAKE, ocsp mode: FAIL_OPEN, os: win32, os version: 10.0.26100"}
{"level":"INFO","message":"[9:15:43.590 PM]: Connection[id: 07ce438e-d997-4b34-8e3e-a4dcb0f37c24] additional details: passcode in password is provided, passcode is not provided, private key is not provided, application: undefined, client name: snowflake-sdk, client version: 1.15.0, retry timeout: 300, private key path: undefined, private key pass is not provided, client store temporary credential: false, browser response timeout: 120000"}
{"level":"INFO","message":"[9:15:43.590 PM]: Connection[id: 07ce438e-d997-4b34-8e3e-a4dcb0f37c24] - connection object created successfully."}
{"level":"INFO","message":"[9:15:43.591 PM]: Connection[id: 07ce438e-d997-4b34-8e3e-a4dcb0f37c24] - connecting. Associated Snowflake domain: GLOBAL"}
{"level":"INFO","message":"[9:15:43.592 PM]: Connection[id: 07ce438e-d997-4b34-8e3e-a4dcb0f37c24] - authentication successful using: SNOWFLAKE"}
{"level":"INFO","message":"[9:15:43.593 PM]: Trying to initialize Easy Logging"}
{"level":"INFO","message":"[9:15:43.598 PM]: No client config detected."}
{"level":"INFO","message":"[9:15:43.598 PM]: No config file path found. Client config will not be used."}
{"level":"INFO","message":"[9:15:43.599 PM]: Easy Logging is disabled as no config has been found"}
{"level":"INFO","message":"[9:15:43.603 PM]: Connection[id: 07ce438e-d997-4b34-8e3e-a4dcb0f37c24] - connected successfully after 11.947799999999916 milliseconds"}
{"level":"INFO","message":"[9:16:02.451 PM]: Creating new connection object"}
{"level":"INFO","message":"[9:16:02.487 PM]: Creating Connection[id: 013b68fd-b43e-4c11-99b1-b8fc23a2659d] with host: yndsyio-savantauk.snowflakecomputing.com, account: yndsyio-savantauk, accessUrl: https://yndsyio-savantauk.snowflakecomputing.com, user: ADAM.GILL@SAVANTA.COM, password is provided, role: PUBLIC, database: SNOWFLAKE_LEARNING_DB, schema: PUBLIC, warehouse: WAREHOUSE_XSMALL, region: undefined, authenticator: SNOWFLAKE, ocsp mode: FAIL_OPEN, os: win32, os version: 10.0.26100"}
{"level":"INFO","message":"[9:16:02.489 PM]: Connection[id: 013b68fd-b43e-4c11-99b1-b8fc23a2659d] additional details: passcode in password is provided, passcode is not provided, private key is not provided, application: undefined, client name: snowflake-sdk, client version: 1.15.0, retry timeout: 300, private key path: undefined, private key pass is not provided, client store temporary credential: false, browser response timeout: 120000"}
{"level":"INFO","message":"[9:16:02.490 PM]: Connection[id: 013b68fd-b43e-4c11-99b1-b8fc23a2659d] - connection object created successfully."}
{"level":"INFO","message":"[9:16:02.491 PM]: Connection[id: 013b68fd-b43e-4c11-99b1-b8fc23a2659d] - connecting. Associated Snowflake domain: GLOBAL"}
{"level":"INFO","message":"[9:16:02.493 PM]: Connection[id: 013b68fd-b43e-4c11-99b1-b8fc23a2659d] - authentication successful using: SNOWFLAKE"}
{"level":"INFO","message":"[9:16:02.494 PM]: Trying to initialize Easy Logging"}
{"level":"INFO","message":"[9:16:02.502 PM]: No client config detected."}
{"level":"INFO","message":"[9:16:02.503 PM]: No config file path found. Client config will not be used."}
{"level":"INFO","message":"[9:16:02.504 PM]: Easy Logging is disabled as no config has been found"}
{"level":"INFO","message":"[9:16:02.510 PM]: Connection[id: 013b68fd-b43e-4c11-99b1-b8fc23a2659d] - connected successfully after 18.94900000000007 milliseconds"}
{"level":"INFO","message":"[9:16:24.864 PM]: Creating new connection object"}
{"level":"INFO","message":"[9:16:24.890 PM]: Creating Connection[id: 857d1e49-f3da-466d-8f88-bcec85913c14] with host: yndsyio-savantauk.snowflakecomputing.com, account: yndsyio-savantauk, accessUrl: https://yndsyio-savantauk.snowflakecomputing.com, user: ADAM.GILL@SAVANTA.COM, password is provided, role: PUBLIC, database: SNOWFLAKE_LEARNING_DB, schema: PUBLIC, warehouse: WAREHOUSE_XSMALL, region: undefined, authenticator: SNOWFLAKE, ocsp mode: FAIL_OPEN, os: win32, os version: 10.0.26100"}
{"level":"INFO","message":"[9:16:24.891 PM]: Connection[id: 857d1e49-f3da-466d-8f88-bcec85913c14] additional details: passcode in password is provided, passcode is not provided, private key is not provided, application: undefined, client name: snowflake-sdk, client version: 1.15.0, retry timeout: 300, private key path: undefined, private key pass is not provided, client store temporary credential: false, browser response timeout: 120000"}
{"level":"INFO","message":"[9:16:24.892 PM]: Connection[id: 857d1e49-f3da-466d-8f88-bcec85913c14] - connection object created successfully."}
{"level":"INFO","message":"[9:16:24.893 PM]: Connection[id: 857d1e49-f3da-466d-8f88-bcec85913c14] - connecting. Associated Snowflake domain: GLOBAL"}
{"level":"INFO","message":"[9:16:24.894 PM]: Connection[id: 857d1e49-f3da-466d-8f88-bcec85913c14] - authentication successful using: SNOWFLAKE"}
{"level":"INFO","message":"[9:16:24.895 PM]: Trying to initialize Easy Logging"}
{"level":"INFO","message":"[9:16:24.901 PM]: No client config detected."}
{"level":"INFO","message":"[9:16:24.902 PM]: No config file path found. Client config will not be used."}
{"level":"INFO","message":"[9:16:24.903 PM]: Easy Logging is disabled as no config has been found"}
{"level":"INFO","message":"[9:16:24.910 PM]: Connection[id: 857d1e49-f3da-466d-8f88-bcec85913c14] - connected successfully after 16.874799999999823 milliseconds"}
{"level":"INFO","message":"[9:16:42.761 PM]: Creating new connection object"}
{"level":"INFO","message":"[9:16:42.780 PM]: Creating Connection[id: 01cabdde-fd09-4999-9d4a-056d14dd0bc0] with host: yndsyio-savantauk.snowflakecomputing.com, account: yndsyio-savantauk, accessUrl: https://yndsyio-savantauk.snowflakecomputing.com, user: ADAM.GILL@SAVANTA.COM, password is provided, role: PUBLIC, database: SNOWFLAKE_LEARNING_DB, schema: PUBLIC, warehouse: WAREHOUSE_XSMALL, region: undefined, authenticator: SNOWFLAKE, ocsp mode: FAIL_OPEN, os: win32, os version: 10.0.26100"}
{"level":"INFO","message":"[9:16:42.781 PM]: Connection[id: 01cabdde-fd09-4999-9d4a-056d14dd0bc0] additional details: passcode in password is provided, passcode is not provided, private key is not provided, application: undefined, client name: snowflake-sdk, client version: 1.15.0, retry timeout: 300, private key path: undefined, private key pass is not provided, client store temporary credential: false, browser response timeout: 120000"}
{"level":"INFO","message":"[9:16:42.782 PM]: Connection[id: 01cabdde-fd09-4999-9d4a-056d14dd0bc0] - connection object created successfully."}
{"level":"INFO","message":"[9:16:42.782 PM]: Connection[id: 01cabdde-fd09-4999-9d4a-056d14dd0bc0] - connecting. Associated Snowflake domain: GLOBAL"}
{"level":"INFO","message":"[9:16:42.783 PM]: Connection[id: 01cabdde-fd09-4999-9d4a-056d14dd0bc0] - authentication successful using: SNOWFLAKE"}
{"level":"INFO","message":"[9:16:42.784 PM]: Trying to initialize Easy Logging"}
{"level":"INFO","message":"[9:16:42.787 PM]: No client config detected."}
{"level":"INFO","message":"[9:16:42.788 PM]: No config file path found. Client config will not be used."}
{"level":"INFO","message":"[9:16:42.788 PM]: Easy Logging is disabled as no config has been found"}
{"level":"INFO","message":"[9:16:42.791 PM]: Connection[id: 01cabdde-fd09-4999-9d4a-056d14dd0bc0] - connected successfully after 8.76019999999994 milliseconds"}
{"level":"INFO","message":"[9:19:30.382 PM]: Creating new connection object"}
{"level":"INFO","message":"[9:19:30.400 PM]: Creating Connection[id: 2afd2415-00f5-4bd4-b28e-455582af033d] with host: yndsyio-savantauk.snowflakecomputing.com, account: yndsyio-savantauk, accessUrl: https://yndsyio-savantauk.snowflakecomputing.com, user: ADAM.GILL@SAVANTA.COM, password is provided, role: PUBLIC, database: SNOWFLAKE_LEARNING_DB, schema: PUBLIC, warehouse: WAREHOUSE_XSMALL, region: undefined, authenticator: SNOWFLAKE, ocsp mode: FAIL_OPEN, os: win32, os version: 10.0.26100"}
{"level":"INFO","message":"[9:19:30.401 PM]: Connection[id: 2afd2415-00f5-4bd4-b28e-455582af033d] additional details: passcode in password is provided, passcode is not provided, private key is not provided, application: undefined, client name: snowflake-sdk, client version: 1.15.0, retry timeout: 300, private key path: undefined, private key pass is not provided, client store temporary credential: false, browser response timeout: 120000"}
{"level":"INFO","message":"[9:19:30.402 PM]: Connection[id: 2afd2415-00f5-4bd4-b28e-455582af033d] - connection object created successfully."}
{"level":"INFO","message":"[9:19:30.402 PM]: Connection[id: 2afd2415-00f5-4bd4-b28e-455582af033d] - connecting. Associated Snowflake domain: GLOBAL"}
{"level":"INFO","message":"[9:19:30.403 PM]: Connection[id: 2afd2415-00f5-4bd4-b28e-455582af033d] - authentication successful using: SNOWFLAKE"}
{"level":"INFO","message":"[9:19:30.404 PM]: Trying to initialize Easy Logging"}
{"level":"INFO","message":"[9:19:30.407 PM]: No client config detected."}
{"level":"INFO","message":"[9:19:30.408 PM]: No config file path found. Client config will not be used."}
{"level":"INFO","message":"[9:19:30.408 PM]: Easy Logging is disabled as no config has been found"}
{"level":"INFO","message":"[9:19:30.412 PM]: Connection[id: 2afd2415-00f5-4bd4-b28e-455582af033d] - connected successfully after 9.64689999999996 milliseconds"}
{"level":"INFO","message":"[9:20:03.566 PM]: Creating new connection object"}
{"level":"INFO","message":"[9:20:03.585 PM]: Creating Connection[id: d6325ffc-9b05-49c6-9d2e-de0747cea417] with host: yndsyio-savantauk.snowflakecomputing.com, account: yndsyio-savantauk, accessUrl: https://yndsyio-savantauk.snowflakecomputing.com, user: ADAM.GILL@SAVANTA.COM, password is provided, role: PUBLIC, database: SNOWFLAKE_LEARNING_DB, schema: ADAM.GILL@SAVANTA.COM_SURVEYONLINE, warehouse: WAREHOUSE_XSMALL, region: undefined, authenticator: SNOWFLAKE, ocsp mode: FAIL_OPEN, os: win32, os version: 10.0.26100"}
{"level":"INFO","message":"[9:20:03.586 PM]: Connection[id: d6325ffc-9b05-49c6-9d2e-de0747cea417] additional details: passcode in password is provided, passcode is not provided, private key is not provided, application: undefined, client name: snowflake-sdk, client version: 1.15.0, retry timeout: 300, private key path: undefined, private key pass is not provided, client store temporary credential: false, browser response timeout: 120000"}
{"level":"INFO","message":"[9:20:03.587 PM]: Connection[id: d6325ffc-9b05-49c6-9d2e-de0747cea417] - connection object created successfully."}
{"level":"INFO","message":"[9:20:03.587 PM]: Connection[id: d6325ffc-9b05-49c6-9d2e-de0747cea417] - connecting. Associated Snowflake domain: GLOBAL"}
{"level":"INFO","message":"[9:20:03.588 PM]: Connection[id: d6325ffc-9b05-49c6-9d2e-de0747cea417] - authentication successful using: SNOWFLAKE"}
{"level":"INFO","message":"[9:20:03.589 PM]: Trying to initialize Easy Logging"}
{"level":"INFO","message":"[9:20:03.593 PM]: No client config detected."}
{"level":"INFO","message":"[9:20:03.593 PM]: No config file path found. Client config will not be used."}
{"level":"INFO","message":"[9:20:03.594 PM]: Easy Logging is disabled as no config has been found"}
{"level":"INFO","message":"[9:20:03.597 PM]: Connection[id: d6325ffc-9b05-49c6-9d2e-de0747cea417] - connected successfully after 9.079799999999977 milliseconds"}
{"level":"INFO","message":"[9:20:24.546 PM]: Creating new connection object"}
{"level":"INFO","message":"[9:20:24.565 PM]: Creating Connection[id: 00a1e779-92d2-4ca3-9554-75fd31508519] with host: yndsyio-savantauk.snowflakecomputing.com, account: yndsyio-savantauk, accessUrl: https://yndsyio-savantauk.snowflakecomputing.com, user: ADAM.GILL@SAVANTA.COM, password is provided, role: PUBLIC, database: SNOWFLAKE_LEARNING_DB, schema: ADAM.GILL@SAVANTA.COM_SURVEYONLINE, warehouse: WAREHOUSE_XSMALL, region: undefined, authenticator: SNOWFLAKE, ocsp mode: FAIL_OPEN, os: win32, os version: 10.0.26100"}
{"level":"INFO","message":"[9:20:24.566 PM]: Connection[id: 00a1e779-92d2-4ca3-9554-75fd31508519] additional details: passcode in password is provided, passcode is not provided, private key is not provided, application: undefined, client name: snowflake-sdk, client version: 1.15.0, retry timeout: 300, private key path: undefined, private key pass is not provided, client store temporary credential: false, browser response timeout: 120000"}
{"level":"INFO","message":"[9:20:24.566 PM]: Connection[id: 00a1e779-92d2-4ca3-9554-75fd31508519] - connection object created successfully."}
{"level":"INFO","message":"[9:20:24.567 PM]: Connection[id: 00a1e779-92d2-4ca3-9554-75fd31508519] - connecting. Associated Snowflake domain: GLOBAL"}
{"level":"INFO","message":"[9:20:24.568 PM]: Connection[id: 00a1e779-92d2-4ca3-9554-75fd31508519] - authentication successful using: SNOWFLAKE"}
{"level":"INFO","message":"[9:20:24.569 PM]: Trying to initialize Easy Logging"}
{"level":"INFO","message":"[9:20:24.574 PM]: No client config detected."}
{"level":"INFO","message":"[9:20:24.575 PM]: No config file path found. Client config will not be used."}
{"level":"INFO","message":"[9:20:24.576 PM]: Easy Logging is disabled as no config has been found"}
{"level":"INFO","message":"[9:20:24.582 PM]: Connection[id: 00a1e779-92d2-4ca3-9554-75fd31508519] - connected successfully after 14.902499999999918 milliseconds"}
{"level":"INFO","message":"[9:20:49.360 PM]: Creating new connection object"}
{"level":"INFO","message":"[9:20:49.379 PM]: Creating Connection[id: a0e19cdd-172a-45c1-bed1-d99d67930415] with host: yndsyio-savantauk.snowflakecomputing.com, account: yndsyio-savantauk, accessUrl: https://yndsyio-savantauk.snowflakecomputing.com, user: ADAM.GILL@SAVANTA.COM, password is provided, role: PUBLIC, database: SNOWFLAKE_LEARNING_DB, schema: ADAM.GILL@SAVANTA.COM_SURVEYONLINE, warehouse: WAREHOUSE_XSMALL, region: undefined, authenticator: SNOWFLAKE, ocsp mode: FAIL_OPEN, os: win32, os version: 10.0.26100"}
{"level":"INFO","message":"[9:20:49.380 PM]: Connection[id: a0e19cdd-172a-45c1-bed1-d99d67930415] additional details: passcode in password is provided, passcode is not provided, private key is not provided, application: undefined, client name: snowflake-sdk, client version: 1.15.0, retry timeout: 300, private key path: undefined, private key pass is not provided, client store temporary credential: false, browser response timeout: 120000"}
{"level":"INFO","message":"[9:20:49.381 PM]: Connection[id: a0e19cdd-172a-45c1-bed1-d99d67930415] - connection object created successfully."}
{"level":"INFO","message":"[9:20:49.381 PM]: Connection[id: a0e19cdd-172a-45c1-bed1-d99d67930415] - connecting. Associated Snowflake domain: GLOBAL"}
{"level":"INFO","message":"[9:20:49.382 PM]: Connection[id: a0e19cdd-172a-45c1-bed1-d99d67930415] - authentication successful using: SNOWFLAKE"}
{"level":"INFO","message":"[9:20:49.383 PM]: Trying to initialize Easy Logging"}
{"level":"INFO","message":"[9:20:49.386 PM]: No client config detected."}
{"level":"INFO","message":"[9:20:49.387 PM]: No config file path found. Client config will not be used."}
{"level":"INFO","message":"[9:20:49.388 PM]: Easy Logging is disabled as no config has been found"}
{"level":"INFO","message":"[9:20:49.392 PM]: Connection[id: a0e19cdd-172a-45c1-bed1-d99d67930415] - connected successfully after 10.1567 milliseconds"}
{"level":"INFO","message":"[9:21:08.609 PM]: Creating new connection object"}
{"level":"INFO","message":"[9:21:08.646 PM]: Creating Connection[id: 59472aa3-a63b-4bbe-bd7e-9c69fc459ff5] with host: yndsyio-savantauk.snowflakecomputing.com, account: yndsyio-savantauk, accessUrl: https://yndsyio-savantauk.snowflakecomputing.com, user: ADAM.GILL@SAVANTA.COM, password is provided, role: PUBLIC, database: SNOWFLAKE_LEARNING_DB, schema: ADAM.GILL@SAVANTA.COM_SURVEYONLINE, warehouse: WAREHOUSE_XSMALL, region: undefined, authenticator: SNOWFLAKE, ocsp mode: FAIL_OPEN, os: win32, os version: 10.0.26100"}
{"level":"INFO","message":"[9:21:08.648 PM]: Connection[id: 59472aa3-a63b-4bbe-bd7e-9c69fc459ff5] additional details: passcode in password is provided, passcode is not provided, private key is not provided, application: undefined, client name: snowflake-sdk, client version: 1.15.0, retry timeout: 300, private key path: undefined, private key pass is not provided, client store temporary credential: false, browser response timeout: 120000"}
{"level":"INFO","message":"[9:21:08.650 PM]: Connection[id: 59472aa3-a63b-4bbe-bd7e-9c69fc459ff5] - connection object created successfully."}
{"level":"INFO","message":"[9:21:08.651 PM]: Connection[id: 59472aa3-a63b-4bbe-bd7e-9c69fc459ff5] - connecting. Associated Snowflake domain: GLOBAL"}
{"level":"INFO","message":"[9:21:08.654 PM]: Connection[id: 59472aa3-a63b-4bbe-bd7e-9c69fc459ff5] - authentication successful using: SNOWFLAKE"}
{"level":"INFO","message":"[9:21:08.655 PM]: Trying to initialize Easy Logging"}
{"level":"INFO","message":"[9:21:08.662 PM]: No client config detected."}
{"level":"INFO","message":"[9:21:08.663 PM]: No config file path found. Client config will not be used."}
{"level":"INFO","message":"[9:21:08.663 PM]: Easy Logging is disabled as no config has been found"}
{"level":"INFO","message":"[9:21:08.670 PM]: Connection[id: 59472aa3-a63b-4bbe-bd7e-9c69fc459ff5] - connected successfully after 18.177400000000034 milliseconds"}
{"level":"INFO","message":"[9:21:21.402 PM]: Creating new connection object"}
{"level":"INFO","message":"[9:21:21.421 PM]: Creating Connection[id: fe6ca5f2-8ade-44e5-bf07-99d5e024bb57] with host: yndsyio-savantauk.snowflakecomputing.com, account: yndsyio-savantauk, accessUrl: https://yndsyio-savantauk.snowflakecomputing.com, user: ADAM.GILL@SAVANTA.COM, password is provided, role: PUBLIC, database: SNOWFLAKE_LEARNING_DB, schema: ADAM.GILL@SAVANTA.COM_SURVEYONLINE, warehouse: SNOWFLAKE_LEARNING_WH, region: undefined, authenticator: SNOWFLAKE, ocsp mode: FAIL_OPEN, os: win32, os version: 10.0.26100"}
{"level":"INFO","message":"[9:21:21.422 PM]: Connection[id: fe6ca5f2-8ade-44e5-bf07-99d5e024bb57] additional details: passcode in password is provided, passcode is not provided, private key is not provided, application: undefined, client name: snowflake-sdk, client version: 1.15.0, retry timeout: 300, private key path: undefined, private key pass is not provided, client store temporary credential: false, browser response timeout: 120000"}
{"level":"INFO","message":"[9:21:21.422 PM]: Connection[id: fe6ca5f2-8ade-44e5-bf07-99d5e024bb57] - connection object created successfully."}
{"level":"INFO","message":"[9:21:21.423 PM]: Connection[id: fe6ca5f2-8ade-44e5-bf07-99d5e024bb57] - connecting. Associated Snowflake domain: GLOBAL"}
{"level":"INFO","message":"[9:21:21.424 PM]: Connection[id: fe6ca5f2-8ade-44e5-bf07-99d5e024bb57] - authentication successful using: SNOWFLAKE"}
{"level":"INFO","message":"[9:21:21.424 PM]: Trying to initialize Easy Logging"}
{"level":"INFO","message":"[9:21:21.428 PM]: No client config detected."}
{"level":"INFO","message":"[9:21:21.428 PM]: No config file path found. Client config will not be used."}
{"level":"INFO","message":"[9:21:21.429 PM]: Easy Logging is disabled as no config has been found"}
{"level":"INFO","message":"[9:21:21.431 PM]: Connection[id: fe6ca5f2-8ade-44e5-bf07-99d5e024bb57] - connected successfully after 8.353999999999814 milliseconds"}
{"level":"INFO","message":"[9:45:49.033 PM]: Creating new connection object"}
{"level":"INFO","message":"[9:45:49.058 PM]: Creating Connection[id: 35a414d8-9454-460d-bade-a89af398a874] with host: yndsyio-savantauk.snowflakecomputing.com, account: yndsyio-savantauk, accessUrl: https://yndsyio-savantauk.snowflakecomputing.com, user: ADAM.GILL@SAVANTA.COM, password is provided, role: PUBLIC, database: SNOWFLAKE_LEARNING_DB, schema: ADAM.GILL@SAVANTA.COM_SURVEYONLINE, warehouse: SNOWFLAKE_LEARNING_WH, region: undefined, authenticator: SNOWFLAKE, ocsp mode: FAIL_OPEN, os: win32, os version: 10.0.26100"}
{"level":"INFO","message":"[9:45:49.058 PM]: Connection[id: 35a414d8-9454-460d-bade-a89af398a874] additional details: passcode in password is provided, passcode is not provided, private key is not provided, application: undefined, client name: snowflake-sdk, client version: 1.15.0, retry timeout: 300, private key path: undefined, private key pass is not provided, client store temporary credential: false, browser response timeout: 120000"}
{"level":"INFO","message":"[9:45:49.059 PM]: Connection[id: 35a414d8-9454-460d-bade-a89af398a874] - connection object created successfully."}
{"level":"INFO","message":"[9:45:49.059 PM]: Connection[id: 35a414d8-9454-460d-bade-a89af398a874] - connecting. Associated Snowflake domain: GLOBAL"}
{"level":"INFO","message":"[9:45:49.060 PM]: Connection[id: 35a414d8-9454-460d-bade-a89af398a874] - authentication successful using: SNOWFLAKE"}
{"level":"INFO","message":"[9:45:49.061 PM]: Trying to initialize Easy Logging"}
{"level":"INFO","message":"[9:45:49.063 PM]: No client config detected."}
{"level":"INFO","message":"[9:45:49.063 PM]: No config file path found. Client config will not be used."}
{"level":"INFO","message":"[9:45:49.065 PM]: Easy Logging is disabled as no config has been found"}
{"level":"INFO","message":"[9:45:49.071 PM]: Connection[id: 35a414d8-9454-460d-bade-a89af398a874] - connected successfully after 12.513600000000224 milliseconds"}
{"level":"INFO","message":"[10:01:52.651 PM]: Creating new connection object"}
{"level":"INFO","message":"[10:01:52.723 PM]: Creating Connection[id: 7e265a20-42f8-4000-8c89-f5a662a79084] with host: yndsyio-savantauk.snowflakecomputing.com, account: yndsyio-savantauk, accessUrl: https://yndsyio-savantauk.snowflakecomputing.com, user: ADAM.GILL@SAVANTA.COM, password is provided, role: PUBLIC, database: SNOWFLAKE_LEARNING_DB, schema: ADAM.GILL@SAVANTA.COM_SURVEYONLINE, warehouse: SNOWFLAKE_LEARNING_WH, region: undefined, authenticator: SNOWFLAKE, ocsp mode: FAIL_OPEN, os: win32, os version: 10.0.26100"}
{"level":"INFO","message":"[10:01:52.724 PM]: Connection[id: 7e265a20-42f8-4000-8c89-f5a662a79084] additional details: passcode in password is provided, passcode is not provided, private key is not provided, application: undefined, client name: snowflake-sdk, client version: 1.15.0, retry timeout: 300, private key path: undefined, private key pass is not provided, client store temporary credential: false, browser response timeout: 120000"}
{"level":"INFO","message":"[10:01:52.724 PM]: Connection[id: 7e265a20-42f8-4000-8c89-f5a662a79084] - connection object created successfully."}
{"level":"INFO","message":"[10:01:52.725 PM]: Connection[id: 7e265a20-42f8-4000-8c89-f5a662a79084] - connecting. Associated Snowflake domain: GLOBAL"}
{"level":"INFO","message":"[10:01:52.728 PM]: Connection[id: 7e265a20-42f8-4000-8c89-f5a662a79084] - authentication successful using: SNOWFLAKE"}
{"level":"INFO","message":"[10:01:52.730 PM]: Trying to initialize Easy Logging"}
{"level":"INFO","message":"[10:01:52.736 PM]: No client config detected."}
{"level":"INFO","message":"[10:01:52.737 PM]: No config file path found. Client config will not be used."}
{"level":"INFO","message":"[10:01:52.738 PM]: Easy Logging is disabled as no config has been found"}
{"level":"INFO","message":"[10:01:52.743 PM]: Connection[id: 7e265a20-42f8-4000-8c89-f5a662a79084] - connected successfully after 17.89379999999983 milliseconds"}
{"level":"INFO","message":"[10:02:56.062 PM]: Creating new connection object"}
{"level":"INFO","message":"[10:02:56.102 PM]: Creating Connection[id: 9db0d6d5-c708-4e2d-9368-fb7e5b0d4509] with host: yndsyio-savantauk.snowflakecomputing.com, account: yndsyio-savantauk, accessUrl: https://yndsyio-savantauk.snowflakecomputing.com, user: ADAM.GILL@SAVANTA.COM, password is provided, role: PUBLIC, database: SNOWFLAKE_LEARNING_DB, schema: ADAM.GILL@SAVANTA.COM_SURVEYONLINE, warehouse: SNOWFLAKE_LEARNING_WH, region: undefined, authenticator: SNOWFLAKE, ocsp mode: FAIL_OPEN, os: win32, os version: 10.0.26100"}
{"level":"INFO","message":"[10:02:56.104 PM]: Connection[id: 9db0d6d5-c708-4e2d-9368-fb7e5b0d4509] additional details: passcode in password is provided, passcode is not provided, private key is not provided, application: undefined, client name: snowflake-sdk, client version: 1.15.0, retry timeout: 300, private key path: undefined, private key pass is not provided, client store temporary credential: false, browser response timeout: 120000"}
{"level":"INFO","message":"[10:02:56.105 PM]: Connection[id: 9db0d6d5-c708-4e2d-9368-fb7e5b0d4509] - connection object created successfully."}
{"level":"INFO","message":"[10:02:56.106 PM]: Connection[id: 9db0d6d5-c708-4e2d-9368-fb7e5b0d4509] - connecting. Associated Snowflake domain: GLOBAL"}
{"level":"INFO","message":"[10:02:56.110 PM]: Connection[id: 9db0d6d5-c708-4e2d-9368-fb7e5b0d4509] - authentication successful using: SNOWFLAKE"}
{"level":"INFO","message":"[10:02:56.110 PM]: Trying to initialize Easy Logging"}
{"level":"INFO","message":"[10:02:56.113 PM]: No client config detected."}
{"level":"INFO","message":"[10:02:56.114 PM]: No config file path found. Client config will not be used."}
{"level":"INFO","message":"[10:02:56.115 PM]: Easy Logging is disabled as no config has been found"}
{"level":"INFO","message":"[10:02:56.119 PM]: Connection[id: 9db0d6d5-c708-4e2d-9368-fb7e5b0d4509] - connected successfully after 12.941000000000713 milliseconds"}
{"level":"INFO","message":"[10:27:52.671 PM]: Creating new connection object"}
{"level":"INFO","message":"[10:27:52.695 PM]: Creating Connection[id: 29dedb67-39a6-42fc-88f4-93916559c86c] with host: yndsyio-savantauk.snowflakecomputing.com, account: yndsyio-savantauk, accessUrl: https://yndsyio-savantauk.snowflakecomputing.com, user: ADAM.GILL@SAVANTA.COM, password is provided, role: PUBLIC, database: SNOWFLAKE_LEARNING_DB, schema: ADAM.GILL@SAVANTA.COM_SURVEYONLINE, warehouse: SNOWFLAKE_LEARNING_WH, region: undefined, authenticator: SNOWFLAKE, ocsp mode: FAIL_OPEN, os: win32, os version: 10.0.26100"}
{"level":"INFO","message":"[10:27:52.696 PM]: Connection[id: 29dedb67-39a6-42fc-88f4-93916559c86c] additional details: passcode in password is provided, passcode is not provided, private key is not provided, application: undefined, client name: snowflake-sdk, client version: 1.15.0, retry timeout: 300, private key path: undefined, private key pass is not provided, client store temporary credential: false, browser response timeout: 120000"}
{"level":"INFO","message":"[10:27:52.697 PM]: Connection[id: 29dedb67-39a6-42fc-88f4-93916559c86c] - connection object created successfully."}
{"level":"INFO","message":"[10:27:52.697 PM]: Connection[id: 29dedb67-39a6-42fc-88f4-93916559c86c] - connecting. Associated Snowflake domain: GLOBAL"}
{"level":"INFO","message":"[10:27:52.699 PM]: Connection[id: 29dedb67-39a6-42fc-88f4-93916559c86c] - authentication successful using: SNOWFLAKE"}
{"level":"INFO","message":"[10:27:52.701 PM]: Trying to initialize Easy Logging"}
{"level":"INFO","message":"[10:27:52.703 PM]: No client config detected."}
{"level":"INFO","message":"[10:27:52.704 PM]: No config file path found. Client config will not be used."}
{"level":"INFO","message":"[10:27:52.705 PM]: Easy Logging is disabled as no config has been found"}
{"level":"INFO","message":"[10:27:52.711 PM]: Connection[id: 29dedb67-39a6-42fc-88f4-93916559c86c] - connected successfully after 13.449100000000044 milliseconds"}
{"level":"INFO","message":"[10:28:04.114 PM]: Creating new connection object"}
{"level":"INFO","message":"[10:28:04.141 PM]: Creating Connection[id: 92e7849b-a728-497f-b8e0-a1ae4991b6f8] with host: yndsyio-savantauk.snowflakecomputing.com, account: yndsyio-savantauk, accessUrl: https://yndsyio-savantauk.snowflakecomputing.com, user: ADAM.GILL@SAVANTA.COM, password is provided, role: PUBLIC, database: SNOWFLAKE_LEARNING_DB, schema: ADAM.GILL@SAVANTA.COM_SURVEYONLINE, warehouse: SNOWFLAKE_LEARNING_WH, region: undefined, authenticator: SNOWFLAKE, ocsp mode: FAIL_OPEN, os: win32, os version: 10.0.26100"}
{"level":"INFO","message":"[10:28:04.143 PM]: Connection[id: 92e7849b-a728-497f-b8e0-a1ae4991b6f8] additional details: passcode in password is provided, passcode is not provided, private key is not provided, application: undefined, client name: snowflake-sdk, client version: 1.15.0, retry timeout: 300, private key path: undefined, private key pass is not provided, client store temporary credential: false, browser response timeout: 120000"}
{"level":"INFO","message":"[10:28:04.144 PM]: Connection[id: 92e7849b-a728-497f-b8e0-a1ae4991b6f8] - connection object created successfully."}
{"level":"INFO","message":"[10:28:04.144 PM]: Connection[id: 92e7849b-a728-497f-b8e0-a1ae4991b6f8] - connecting. Associated Snowflake domain: GLOBAL"}
{"level":"INFO","message":"[10:28:04.147 PM]: Connection[id: 92e7849b-a728-497f-b8e0-a1ae4991b6f8] - authentication successful using: SNOWFLAKE"}
{"level":"INFO","message":"[10:28:04.149 PM]: Trying to initialize Easy Logging"}
{"level":"INFO","message":"[10:28:04.153 PM]: No client config detected."}
{"level":"INFO","message":"[10:28:04.154 PM]: No config file path found. Client config will not be used."}
{"level":"INFO","message":"[10:28:04.155 PM]: Easy Logging is disabled as no config has been found"}
{"level":"INFO","message":"[10:28:04.159 PM]: Connection[id: 92e7849b-a728-497f-b8e0-a1ae4991b6f8] - connected successfully after 14.484699999999975 milliseconds"}
